<?xml version="1.0" encoding="UTF-8"?>
<!-- Generated by org.testng.reporters.JUnitReportReporter -->
<testsuite hostname="IN3070814W1" failures="0" tests="1" name="cucumberTest.TestRunner" time="15.401" errors="0" timestamp="2023-01-19T10:49:10 IST" skipped="0">
  <testcase classname="cucumberTest.TestRunner" name="runScenario" time="15.401"/>
  <system-out/>
</testsuite> <!-- cucumberTest.TestRunner -->
